make --dry-run --always-make --keep-going --print-directory
make: Entering directory `/Users/vgiordan/Desktop/42_miniRT'
gcc -Wall -Wextra -Werror -I includes -c srcs/main.c -o srcs/main.o
gcc -Wall -Wextra -Werror -I includes -c srcs/utils_init.c -o srcs/utils_init.o
gcc -Wall -Wextra -Werror -I includes -c srcs/render.c -o srcs/render.o
gcc -Wall -Wextra -Werror -I includes -c srcs/camera.c -o srcs/camera.o
gcc -Wall -Wextra -Werror -I includes -c srcs/intersection.c -o srcs/intersection.o
gcc -Wall -Wextra -Werror -I includes -c srcs/matrix.c -o srcs/matrix.o
gcc -Wall -Wextra -Werror -I includes -c srcs/pbr.c -o srcs/pbr.o
gcc -Wall -Wextra -Werror -I includes -c srcs/parsing/parse_utils.c -o srcs/parsing/parse_utils.o
gcc -Wall -Wextra -Werror -I includes -c srcs/parsing/parse.c -o srcs/parsing/parse.o
gcc -Wall -Wextra -Werror -I includes -c srcs/utils/utils.c -o srcs/utils/utils.o
gcc -Wall -Wextra -Werror -I includes -c srcs/utils/utils_vec3.c -o srcs/utils/utils_vec3.o
gcc -Wall -Wextra -Werror -I includes -c srcs/utils/utils_color.c -o srcs/utils/utils_color.o
gcc -Wall -Wextra -Werror -I includes -c srcs/utils/utils_camera.c -o srcs/utils/utils_camera.o
gcc -Wall -Wextra -Werror -I includes -c srcs/events/events.c -o srcs/events/events.o
gcc -Wall -Wextra -Werror -I includes -c srcs/events/mouse_events.c -o srcs/events/mouse_events.o
gcc -Wall -Wextra -Werror -I includes -c includes/get_next_line/get_next_line.c -o includes/get_next_line/get_next_line.o
gcc -Wall -Wextra -Werror -I includes -c includes/get_next_line/get_next_line_utils.c -o includes/get_next_line/get_next_line_utils.o
make -C includes/libft
make -C includes/minilibx-openGL
gcc -Wall -Wextra -Werror srcs/main.o srcs/utils_init.o srcs/render.o srcs/camera.o srcs/intersection.o srcs/matrix.o srcs/pbr.o srcs/parsing/parse_utils.o srcs/parsing/parse.o srcs/utils/utils.o srcs/utils/utils_vec3.o srcs/utils/utils_color.o srcs/utils/utils_camera.o srcs/events/events.o srcs/events/mouse_events.o includes/get_next_line/get_next_line.o includes/get_next_line/get_next_line_utils.o includes/libft/libft.a includes/minilibx-openGL/libmlx.a -framework OpenGL -framework AppKit -o miniRT
make: Leaving directory `/Users/vgiordan/Desktop/42_miniRT'
 
