make all --print-data-base --no-builtin-variables --no-builtin-rules --question
# GNU Make 3.81
# Copyright (C) 2006  Free Software Foundation, Inc.
# This is free software; see the source for copying conditions.
# There is NO warranty; not even for MERCHANTABILITY or FITNESS FOR A
# PARTICULAR PURPOSE.

# This program built for i386-apple-darwin11.3.0

# Make data base, printed on Tue May 30 15:40:09 2023

# Variables

# automatic
<D = $(patsubst %/,%,$(dir $<))
# automatic
?F = $(notdir $?)
# automatic
?D = $(patsubst %/,%,$(dir $?))
# makefile (from `Makefile', line 3)
INCLUDES = includes
# automatic
@D = $(patsubst %/,%,$(dir $@))
# automatic
@F = $(notdir $@)
# makefile
CURDIR := /Users/vgiordan/Desktop/42_miniRT
# makefile
SHELL = /bin/sh
# makefile (from `Makefile', line 19)
RM = rm -f
# environment
VSCODE_NLS_CONFIG = {"locale":"en-us","availableLanguages":{},"_languagePackSupport":true}
# environment
_ = /usr/bin/make
# makefile (from `Makefile', line 17)
CFLAGS = -Wall -Wextra -Werror
# makefile (from `Makefile', line 1)
MAKEFILE_LIST :=  Makefile
# makefile (from `Makefile', line 9)
SRCS = $(addprefix srcs/, main.c utils_init.c render.c camera.c intersection.c matrix.c pbr.c) $(addprefix srcs/parsing/, parse_utils.c parse.c) $(addprefix srcs/utils/, utils.c utils_vec3.c utils_color.c utils_camera.c) $(addprefix srcs/events/, events.c mouse_events.c) $(addprefix includes/get_next_line/, get_next_line.c get_next_line_utils.c)
# makefile (from `Makefile', line 16)
OBJS = ${SRCS:.c=.o}
# environment
VSCODE_CWD = /
# environment
PATH = /Users/vgiordan/.brew/bin:/usr/local/bin:/usr/bin:/bin:/usr/sbin:/sbin:/usr/local/munki:/Library/Apple/usr/bin
# environment
LaunchInstanceID = 52250A73-22CF-4440-B726-CA5CC164D52E
# environment
ELECTRON_RUN_AS_NODE = 1
# default
.FEATURES := target-specific order-only second-expansion else-if archives jobserver check-symlink
# environment
SSH_AUTH_SOCK = /private/tmp/com.apple.launchd.QkJ6O9BMy5/Listeners
# automatic
%F = $(notdir $%)
# environment
HOMEBREW_TEMP = /tmp/vgiordan/Homebrew/Temp
# environment
PWD = /Users/vgiordan/Desktop/42_miniRT
# environment
ORIGINAL_XDG_CURRENT_DESKTOP = undefined
# environment
VSCODE_AMD_ENTRYPOINT = vs/workbench/api/node/extensionHostProcess
# environment
HOME = /Users/vgiordan
# makefile (from `Makefile', line 7)
MAC_FLAGS = -framework OpenGL -framework AppKit
# default
MAKEFILEPATH := /Applications/Xcode.app/Contents/Developer/Makefiles
# environment
VSCODE_CODE_CACHE_PATH = /Users/vgiordan/Library/Application Support/Code/CachedData/97dec172d3256f8ca4bfb2143f3f76b503ca0534
# environment
LOGNAME = vgiordan
# environment
APPLICATION_INSIGHTS_NO_DIAGNOSTIC_CHANNEL = 1
# environment
VSCODE_HANDLES_UNCAUGHT_ERRORS = true
# makefile (from `Makefile', line 5)
LINUX_FLAGS = -lm -lX11 -lXext -lpthread
# automatic
^D = $(patsubst %/,%,$(dir $^))
# environment
XPC_FLAGS = 0x0
# default
MAKE = $(MAKE_COMMAND)
# default
MAKECMDGOALS := all
# environment
HOMEBREW_CACHE = /tmp/vgiordan/Homebrew/Caches
# environment
SHLVL = 1
# makefile (from `Makefile', line 18)
CC = gcc
# default
MAKE_VERSION := 3.81
# environment
USER = vgiordan
# makefile
.DEFAULT_GOAL := miniRT
# makefile (from `Makefile', line 1)
NAME = miniRT
# automatic
%D = $(patsubst %/,%,$(dir $%))
# default
MAKE_COMMAND := /Applications/Xcode.app/Contents/Developer/usr/bin/make
# default
.VARIABLES := 
# environment
TMPDIR = /var/folders/zz/zyxvpxvq6csfxvn_n000cd3r00338y/T/
# automatic
*F = $(notdir $*)
# environment
VSCODE_IPC_HOOK = /Users/vgiordan/Library/Application Support/Code/1.74.3-main.sock
# environment
MallocNanoZone = 0
# makefile
MAKEFLAGS = Rrqp
# environment
MFLAGS = -Rrqp
# automatic
*D = $(patsubst %/,%,$(dir $*))
# environment
XPC_SERVICE_NAME = com.apple.xpc.launchd.oneshot.0x10000001.Electron
# automatic
+D = $(patsubst %/,%,$(dir $+))
# automatic
+F = $(notdir $+)
# environment
__CF_USER_TEXT_ENCODING = 0x18D1E:0x0:0x0
# environment
COMMAND_MODE = unix2003
# default
MAKEFILES := 
# automatic
<F = $(notdir $<)
# environment
LC_ALL = C
# makefile (from `Makefile', line 15)
LIBS = $(addprefix includes/, libft/libft.a)
# environment
SECURITYSESSIONID = 186a7
# automatic
^F = $(notdir $^)
# default
SUFFIXES := 
# default
.INCLUDE_DIRS = /usr/local/include
# environment
MAKELEVEL := 0
# environment
LANG = C
# environment
VSCODE_PID = 14201
# variable set hash-table stats:
# Load=71/1024=7%, Rehash=0, Collisions=6/99=6%

# Pattern-specific Variable Values

# No pattern-specific variable values.

# Directories

# . (device 16777225, inode 2128951): 13 files, no impossibilities.
# srcs/events (device 16777225, inode 2129102): 5 files, no impossibilities so far.
# srcs/utils (device 16777225, inode 2129113): 9 files, no impossibilities so far.
# srcs (device 16777225, inode 2129100): 18 files, no impossibilities so far.
# includes/get_next_line (device 16777225, inode 2129029): 6 files, no impossibilities so far.
# srcs/parsing (device 16777225, inode 2129108): 5 files, no impossibilities so far.

# 56 files, no impossibilities in 6 directories.

# Implicit Rules

%.o: %.c
#  commands to execute (from `Makefile', line 22):
	$(CC) $(CFLAGS) -I $(INCLUDES) -c $< -o ${<:.c=.o}
	

# 1 implicit rules, 0 (0.0%) terminal.

# Files

# Not a target:
srcs/matrix.c:
#  Implicit rule search has been done.
#  Last modified 2023-05-30 12:31:04
#  File has been updated.
#  Successfully updated.
# variable set hash-table stats:
# Load=0/32=0%, Rehash=0, Collisions=0/0=0%

srcs/intersection.o: srcs/intersection.c
#  Implicit rule search has been done.
#  Implicit/static pattern stem: `srcs/intersection'
#  Last modified 2023-05-30 13:47:18
#  File has been updated.
#  Successfully updated.
# variable set hash-table stats:
# Load=0/32=0%, Rehash=0, Collisions=0/0=0%
#  commands to execute (from `Makefile', line 22):
	$(CC) $(CFLAGS) -I $(INCLUDES) -c $< -o ${<:.c=.o}
	

# Not a target:
srcs/utils/utils_color.c:
#  Implicit rule search has been done.
#  Last modified 2023-05-30 12:31:04
#  File has been updated.
#  Successfully updated.
# variable set hash-table stats:
# Load=0/32=0%, Rehash=0, Collisions=0/0=0%

# Not a target:
srcs/utils/utils_vec3.c:
#  Implicit rule search has been done.
#  Last modified 2023-05-30 12:31:04
#  File has been updated.
#  Successfully updated.
# variable set hash-table stats:
# Load=0/32=0%, Rehash=0, Collisions=0/0=0%

includes/get_next_line/get_next_line_utils.o: includes/get_next_line/get_next_line_utils.c
#  Implicit rule search has been done.
#  Implicit/static pattern stem: `includes/get_next_line/get_next_line_utils'
#  Last modified 2023-05-30 13:47:19
#  File has been updated.
#  Successfully updated.
# variable set hash-table stats:
# Load=0/32=0%, Rehash=0, Collisions=0/0=0%
#  commands to execute (from `Makefile', line 22):
	$(CC) $(CFLAGS) -I $(INCLUDES) -c $< -o ${<:.c=.o}
	

srcs/pbr.o: srcs/pbr.c
#  Implicit rule search has been done.
#  Implicit/static pattern stem: `srcs/pbr'
#  Last modified 2023-05-30 13:47:18
#  File has been updated.
#  Successfully updated.
# variable set hash-table stats:
# Load=0/32=0%, Rehash=0, Collisions=0/0=0%
#  commands to execute (from `Makefile', line 22):
	$(CC) $(CFLAGS) -I $(INCLUDES) -c $< -o ${<:.c=.o}
	

all: miniRT
#  Phony target (prerequisite of .PHONY).
#  Command-line target.
#  Implicit rule search has not been done.
#  File does not exist.
#  File has been updated.
#  Successfully updated.
# variable set hash-table stats:
# Load=0/32=0%, Rehash=0, Collisions=0/0=0%

# Not a target:
srcs/parsing/parse_utils.c:
#  Implicit rule search has been done.
#  Last modified 2023-05-30 12:31:04
#  File has been updated.
#  Successfully updated.
# variable set hash-table stats:
# Load=0/32=0%, Rehash=0, Collisions=0/0=0%

.PHONY: all clean fclean re
#  Implicit rule search has not been done.
#  Modification time never checked.
#  File has not been updated.

srcs/parsing/parse.o: srcs/parsing/parse.c
#  Implicit rule search has been done.
#  Implicit/static pattern stem: `srcs/parsing/parse'
#  Last modified 2023-05-30 13:47:18
#  File has been updated.
#  Successfully updated.
# variable set hash-table stats:
# Load=0/32=0%, Rehash=0, Collisions=0/0=0%
#  commands to execute (from `Makefile', line 22):
 
	$(CC) $(CFLAGS) -I $(INCLUDES) -c $< -o ${<:.c=.o}
	

# Not a target:
srcs/camera.c:
#  Implicit rule search has been done.
#  Last modified 2023-05-30 12:31:03
#  File has been updated.
#  Successfully updated.
# variable set hash-table stats:
# Load=0/32=0%, Rehash=0, Collisions=0/0=0%

srcs/render.o: srcs/render.c
#  Implicit rule search has been done.
#  Implicit/static pattern stem: `srcs/render'
#  Last modified 2023-05-30 14:15:15
#  File has been updated.
#  Successfully updated.
# variable set hash-table stats:
# Load=0/32=0%, Rehash=0, Collisions=0/0=0%
#  commands to execute (from `Makefile', line 22):
	$(CC) $(CFLAGS) -I $(INCLUDES) -c $< -o ${<:.c=.o}
	

# Not a target:
srcs/events/mouse_events.c:
#  Implicit rule search has been done.
#  Last modified 2023-05-30 12:31:04
#  File has been updated.
#  Successfully updated.
# variable set hash-table stats:
# Load=0/32=0%, Rehash=0, Collisions=0/0=0%

# Not a target:
.SUFFIXES:
#  Implicit rule search has not been done.
#  Modification time never checked.
#  File has not been updated.

miniRT: srcs/main.o srcs/utils_init.o srcs/render.o srcs/camera.o srcs/intersection.o srcs/matrix.o srcs/pbr.o srcs/parsing/parse_utils.o srcs/parsing/parse.o srcs/utils/utils.o srcs/utils/utils_vec3.o srcs/utils/utils_color.o srcs/utils/utils_camera.o srcs/events/events.o srcs/events/mouse_events.o includes/get_next_line/get_next_line.o includes/get_next_line/get_next_line_utils.o
#  Implicit rule search has not been done.
#  Last modified 2023-05-30 14:15:15
#  File has been updated.
#  Successfully updated.
# variable set hash-table stats:
# Load=0/32=0%, Rehash=0, Collisions=0/0=0%
#  commands to execute (from `Makefile', line 25):
	make -C includes/libft
	make -C includes/minilibx-openGL
	$(CC) $(CFLAGS) $(OBJS) $(LIBS) includes/minilibx-openGL/libmlx.a $(MAC_FLAGS) -o $(NAME)
	

# Not a target:
Makefile:
#  Implicit rule search has been done.
#  Last modified 2023-05-30 13:46:55
#  File has been updated.
#  Successfully updated.
# variable set hash-table stats:
# Load=0/32=0%, Rehash=0, Collisions=0/0=0%

# Not a target:
srcs/main.c:
#  Implicit rule search has been done.
#  Last modified 2023-05-30 12:31:04
#  File has been updated.
#  Successfully updated.
# variable set hash-table stats:
# Load=0/32=0%, Rehash=0, Collisions=0/0=0%

# Not a target:
srcs/utils/utils.c:
#  Implicit rule search has been done.
#  Last modified 2023-05-30 12:31:04
#  File has been updated.
#  Successfully updated.
# variable set hash-table stats:
# Load=0/32=0%, Rehash=0, Collisions=0/0=0%

srcs/events/events.o: srcs/events/events.c
#  Implicit rule search has been done.
#  Implicit/static pattern stem: `srcs/events/events'
#  Last modified 2023-05-30 13:47:19
#  File has been updated.
#  Successfully updated.
# variable set hash-table stats:
# Load=0/32=0%, Rehash=0, Collisions=0/0=0%
#  commands to execute (from `Makefile', line 22):
	$(CC) $(CFLAGS) -I $(INCLUDES) -c $< -o ${<:.c=.o}
	

# Not a target:
includes/get_next_line/get_next_line_utils.c:
#  Implicit rule search has been done.
#  Last modified 2023-05-30 12:31:03
#  File has been updated.
#  Successfully updated.
# variable set hash-table stats:
# Load=0/32=0%, Rehash=0, Collisions=0/0=0%

srcs/utils/utils.o: srcs/utils/utils.c
#  Implicit rule search has been done.
#  Implicit/static pattern stem: `srcs/utils/utils'
#  Last modified 2023-05-30 13:47:18
#  File has been updated.
#  Successfully updated.
# variable set hash-table stats:
# Load=0/32=0%, Rehash=0, Collisions=0/0=0%
#  commands to execute (from `Makefile', line 22):
	$(CC) $(CFLAGS) -I $(INCLUDES) -c $< -o ${<:.c=.o}
	

includes/get_next_line/get_next_line.o: includes/get_next_line/get_next_line.c
#  Implicit rule search has been done.
#  Implicit/static pattern stem: `includes/get_next_line/get_next_line'
#  Last modified 2023-05-30 13:47:19
#  File has been updated.
#  Successfully updated.
# variable set hash-table stats:
# Load=0/32=0%, Rehash=0, Collisions=0/0=0%
#  commands to execute (from `M